*-------------------
* File: LQguser.log
*-------------------
* 
  *************************************************
 -                                                 -
 -                      LQGENEP                    -
 -                                                 -
 -                                                 -
 -                                                 -
 -    LeptoQuark GENerator for Electron-Proton     -
 -                   scattering                    -
 -                                                 -
 -                                                 -
 -                                                 -
 - Author: L.Bellagamba                            -
 - e-mail lorenzo.bellagamba@bo.infn.it            -
 -                                                 -
 - Version: 1.0                                    -
 - Date: 01.03.2001                                -
  *************************************************
 
 
 
 >>>>>>>>>>>>>>  LQGENEP RUN REQUEST  <<<<<<<<<<<<<<
 
   Number of events..................     1000
   Electron beam charge..............  1.
   Electron beam energy..............   27.50
   Proton beam energy................  820.00
   LQ type...........................  12
   LQ mass (GeV).....................  200.00
   LQ production coupling (s-ch.)....  0.3000
   LQ decay coupling (s-ch.).........  0.3000
   struck quark generation (s-ch.)...  1
   output quark generation (s-ch.)...  1
   output lepton generation..........  2
 
   X generation range................  0.000 -  1.000
   Y generation range................  0.000 -  1.000
   minimum allowed Q2 (GeV^2)........  500.00
 
 >>>>>>>>>>>>>>>>>>>>>>>>> <<<<<<<<<<<<<<<<<<<<<<<<<
  
  *****  PDFLIB Version:   7.09  Released on   970702  at   16.05 
  in the CERN Computer Program Library  W5051  *****
  *****  Library compiled on  970702 at  16.05  *****
1                                                                              
 ******************************************************************************
 ******************************************************************************
 **                                                                          **
 **                                                                          **
 **              *......*                  Welcome to the Lund Monte Carlo!  **
 **         *:::!!:::::::::::*                                               **
 **      *::::::!!::::::::::::::*          PPP  Y   Y TTTTT H   H III   A    **
 **    *::::::::!!::::::::::::::::*        P  P  Y Y    T   H   H  I   A A   **
 **   *:::::::::!!:::::::::::::::::*       PPP    Y     T   HHHHH  I  AAAAA  **
 **   *:::::::::!!:::::::::::::::::*       P      Y     T   H   H  I  A   A  **
 **    *::::::::!!::::::::::::::::*!       P      Y     T   H   H III A   A  **
 **      *::::::!!::::::::::::::* !!                                         **
 **      !! *:::!!:::::::::::*    !!       This is PYTHIA version 6.156      **
 **      !!     !* -><- *         !!       Last date of change: 16 Nov 2000  **
 **      !!     !!                !!                                         **
 **      !!     !!                !!                                         **
 **      !!                       !!                                         **
 **      !!        ep             !!       Disclaimer: this program comes    **
 **      !!                       !!       without any guarantees. Beware    **
 **      !!                 pp    !!       of errors and use common sense    **
 **      !!   e+e-                !!       when interpreting results.        **
 **      !!                       !!                                         **
 **      !!                                Copyright T. Sjostrand (2000)     **
 **                                                                          **
 ** An archive of program versions and documentation is found on the web:    **
 ** http://www.thep.lu.se/~torbjorn/Pythia.html                              **
 **                                                                          **
 ** When you cite this program, currently the official reference is          **
 ** T. Sjostrand, Computer Physics Commun. 82 (1994) 74.                     **
 ** The supersymmetry extensions are described in                            **
 ** S. Mrenna, Computer Physics Commun. 101 (1997) 232                       **
 ** Also remember that the program, to a large extent, represents original   **
 ** physics research. Other publications of special relevance to your        **
 ** studies may therefore deserve separate mention.                          **
 **                                                                          **
 ** Main author: Torbjorn Sjostrand; Department of Theoretical Physics 2,    **
 **   Lund University, Solvegatan 14A, S-223 62 Lund, Sweden;                **
 **   phone: + 46 - 46 - 222 48 16; e-mail: torbjorn@thep.lu.se              **
 ** SUSY author: Stephen Mrenna, Physics Department, UC Davis,               **
 **   One Shields Avenue, Davis, CA 95616, USA;                              **
 **   phone: + 1 - 530 - 752 - 2661; e-mail: mrenna@physics.ucdavis.edu      **
 **                                                                          **
 **                                                                          **
 ******************************************************************************
 ******************************************************************************
1****************** PYINIT: initialization of PYTHIA routines *****************

 ==============================================================================
 I                                                                            I
 I         PYTHIA will be initialized for e+ on p user configuration          I
 I                                                                            I
 I                  px (GeV/c)   py (GeV/c)   pz (GeV/c)      E (GeV)         I
 I        e+             0.000        0.000      -27.500       27.500         I
 I        p              0.000        0.000      820.000      820.001         I
 I                                                                            I
 I           corresponding to    300.335 GeV center-of-mass energy            I
 I                                                                            I
 ==============================================================================

 ******** PYMAXI: summary of differential cross-section maximum search ********

           ==========================================================
           I                                      I                 I
           I  ISUB  Subprocess name               I  Maximum value  I
           I                                      I                 I
           ==========================================================
           I                                      I                 I
           I  401   e+ qi -> S_1/2L  -> mu+ qj    I    2.0000D-05   I
           I                                      I                 I
           ==========================================================

 ********************** PYINIT: initialization completed **********************
 
  
  
  Nucleon PDFs :  Ngroup =            4,   Nset =           32
 ,  for CTEQ Set 4L (LO) Structure Functions
  ------------------------------------------------------------------------------
 ----------------------------------



                            Event listing (summary)

    I particle/jet KS     KF  orig    p_x      p_y      p_z       E        m

    1 !e+!         21     -11    0    0.000    0.000  -27.500   27.500    0.001
    2 !p+!         21    2212    0    0.000    0.000  820.000  820.001    0.938
 ==============================================================================
    3 !e+!         21     -11    1    0.000    0.000  -27.498   27.498    0.000
    4 !u!          21       2    2   -1.100    0.324  366.945  366.946    0.000
    5 !e+!         21     -11    3    0.000    0.000  -27.498   27.498    0.000
    6 !u!          21       2    4   -1.100    0.324  366.944  366.946    0.000
    7 !S_1/2L!     21      39    0   -1.099    0.325  339.446  394.444  200.901
    8 !mu+!        21     -13    7  -90.534  -42.893  193.627  218.009    0.106
    9 !u!          21       2    7   89.435   43.217  145.819  176.436    0.330
 ==============================================================================
   10 gamma         1      22    3    0.000    0.000    0.000    0.000    0.000
   11 mu+           1     -13    8  -90.390  -42.825  193.319  217.662    0.106
   12 gamma         1      22    1    0.000    0.000    0.000    0.000    0.000
   13 (u)       A  12       2    9   65.057   31.508  107.702  129.711    0.330
   14 (g)       I  12      21    9   19.077    8.543   31.357   37.685    0.000
   15 (g)       I  12      21    9    4.683    3.207    6.668    8.757    0.000
   16 (g)       I  12      21    9    0.474   -0.109    0.400    0.630    0.000
   17 (ud_1)    V  11    2103    2    1.100   -0.324  453.054  453.056    0.771
 ==============================================================================
   18 (string)     11      92   13   90.391   42.825  599.181  629.839  166.357
   19 (eta')       11     331   18   63.830   30.462  105.079  126.667    0.958
   20 pi+           1     211   18    8.027    4.069   14.512   17.076    0.140
   21 (omega)      11     223   18    9.197    4.561   13.409   16.905    0.782
   22 (pi0)        11     111   18    1.452    0.458    2.390    2.836    0.135
   23 n0            1    2112   18    5.239    2.939    9.490   11.270    0.940
   24 (Lambdabar0) 11   -3122   18    0.929    0.120    2.625    3.002    1.116
   25 K-            1    -321   18    0.259    0.837    2.156    2.379    0.494
   26 (Delta+)     11    2214   18   -0.184   -0.337    9.336    9.417    1.170
   27 (rho+)       11     213   18    0.431    0.277    8.504    8.554    0.770
   28 (Deltabar--) 11   -2224   18    0.027   -0.004   22.217   22.252    1.249
   29 (rho+)       11     213   18    0.420   -0.265   96.724   96.728    0.780
   30 (Delta-)     11    1114   18    0.351   -0.315  200.364  200.368    1.174
   31 (rho+)       11     213   18    0.414    0.024  112.378  112.384    1.084
   32 (pi0)        11     111   19   10.827    5.039   17.708   21.359    0.135
   33 (pi0)        11     111   19   15.252    7.248   24.856   30.050    0.135
   34 (eta)        11     221   19   37.751   18.174   62.515   75.259    0.547
   35 pi-           1    -211   21    2.931    1.632    4.456    5.579    0.140
   36 pi+           1     211   21    5.314    2.578    7.459    9.515    0.140
   37 (pi0)        11     111   21    0.952    0.352    1.494    1.811    0.135
   38 gamma         1      22   22    0.389    0.130    0.538    0.676    0.000
   39 gamma         1      22   22    1.063    0.328    1.852    2.160    0.000
   40 pbar-         1   -2212   24    0.695    0.052    1.991    2.309    0.938
   41 pi+           1     211   24    0.234    0.068    0.634    0.694    0.140
   42 p+            1    2212   26   -0.215   -0.438    8.237    8.304    0.938
   43 (pi0)        11     111   26    0.031    0.101    1.099    1.112    0.135
   44 pi+           1     211   27    0.253   -0.206    2.286    2.314    0.140
   45 (pi0)        11     111   27    0.178    0.484    6.217    6.240    0.135
   46 pbar-         1   -2212   28   -0.213    0.053   16.574   16.602    0.938
   47 pi-           1    -211   28    0.240   -0.057    5.642    5.650    0.140
   48 pi+           1     211   29    0.459   -0.371   90.228   90.230    0.140
   49 (pi0)        11     111   29   -0.040    0.106    6.496    6.498    0.135
   50 n0            1    2112   30    0.339   -0.422  178.373  178.377    0.940
   51 pi-           1    -211   30    0.012    0.106   21.990   21.991    0.140
   52 pi+           1     211   31    0.443    0.488   68.862   68.865    0.140
   53 (pi0)        11     111   31   -0.029   -0.464   43.516   43.519    0.135
   54 gamma         1      22   32    8.696    4.009   14.125   17.065    0.000
   55 gamma         1      22   32    2.131    1.030    3.583    4.294    0.000
   56 gamma         1      22   33    6.589    3.063   10.740   12.967    0.000
   57 gamma         1      22   33    8.663    4.185   14.116   17.083    0.000
   58 pi+           1     211   34   10.872    5.196   18.069   21.718    0.140
   59 pi-           1    -211   34   19.109    9.271   31.815   38.254    0.140
   60 (pi0)        11     111   34    7.770    3.707   12.632   15.287    0.135
   61 gamma         1      22   37    0.159    0.042    0.334    0.373    0.000
   62 gamma         1      22   37    0.793    0.309    1.160    1.438    0.000
   63 gamma         1      22   43   -0.029    0.076    0.880    0.884    0.000
   64 gamma         1      22   43    0.060    0.025    0.219    0.229    0.000
   65 gamma         1      22   45   -0.018    0.098    1.077    1.081    0.000
   66 gamma         1      22   45    0.196    0.385    5.141    5.159    0.000
   67 gamma         1      22   49    0.044    0.056    1.850    1.851    0.000
   68 gamma         1      22   49   -0.083    0.049    4.646    4.647    0.000
   69 gamma         1      22   53   -0.056   -0.276   30.546   30.547    0.000
   70 gamma         1      22   53    0.027   -0.189   12.970   12.972    0.000
   71 gamma         1      22   60    3.316    1.518    5.293    6.428    0.000
   72 gamma         1      22   60    4.453    2.189    7.338    8.859    0.000
 ==============================================================================
                   sum:  2.00         0.000    0.000  792.500  847.501  300.335



                            Event listing (summary)

    I particle/jet KS     KF  orig    p_x      p_y      p_z       E        m

    1 !e+!         21     -11    0    0.000    0.000  -27.500   27.500    0.001
    2 !p+!         21    2212    0    0.000    0.000  820.000  820.001    0.938
 ==============================================================================
    3 !e+!         21     -11    1    0.000    0.000  -27.499   27.499    0.000
    4 !u!          21       2    2    0.288    0.482  448.724  448.724    0.000
    5 !e+!         21     -11    3    0.000    0.000  -27.457   27.457    0.000
    6 !u!          21       2    4   -3.096   -0.419  363.866  363.879    0.000
    7 !S_1/2L!     21      39    0   -3.096   -0.419  336.409  391.336  199.907
    8 !mu+!        21     -13    7  -48.885   80.615  237.452  255.484    0.106
    9 !u!          21       2    7   45.789  -81.034   98.957  135.852    0.330
 ==============================================================================
   10 gamma         1      22    3    0.000    0.000    0.000    0.000    0.000
   11 mu+           1     -13    8  -48.773   80.431  236.909  254.900    0.106
   12 gamma         1      22    9   -0.001   -0.058    0.041    0.071    0.000
   13 gamma         1      22    1    0.000    0.000    0.000    0.000    0.000
   14 (u)       A  12       2    9   43.264  -75.556   91.493  126.299    0.330
   15 (g)       I  12      21    9    1.679   -3.624    3.997    5.651    0.000
   16 (g)       I  12      21    9    0.726   -1.320    2.721    3.110    0.000
   17 (g)       I  12      21    9    0.034   -0.203    0.379    0.431    0.000
   18 (g)       I  12      21    9   -0.026   -0.089    0.869    0.874    0.000
   19 (g)       I  12      21    4    3.384    0.901   84.816   84.888    0.000
   20 (ud_1)    V  11    2103    2   -0.288   -0.482  371.276  371.277    0.771
 ==============================================================================
   21 (string)     11      92   14   48.774  -80.373  555.550  592.530  183.350
   22 (rho+)       11     213   21   26.858  -47.409   57.145   78.965    1.013
   23 (rho-)       11    -213   21   14.332  -24.325   29.614   40.931    1.114
   24 (omega)      11     223   21    2.631   -5.353    6.407    8.788    0.779
   25 pi+           1     211   21    0.567   -0.679    1.450    1.704    0.140
   26 (K*0)        11     313   21    0.554   -1.983    2.788    3.574    0.872
   27 (K*-)        11    -323   21   -0.043   -0.503    3.630    3.777    0.914
   28 pi+           1     211   21    1.000   -0.671    4.665    4.820    0.140
   29 (Delta-)     11    1114   21    1.481    0.349   43.823   43.866    1.178
   30 (pi0)        11     111   21   -0.046    0.385   11.507   11.514    0.135
   31 (Sigma*bar+) 11   -3114   21    0.078   -0.020   39.203   39.229    1.417
   32 K-            1    -321   21    0.265   -0.093   38.826   38.830    0.494
   33 pi+           1     211   21   -0.470   -0.270   18.458   18.467    0.140
   34 n0            1    2112   21    1.868    0.197   73.884   73.914    0.940
   35 (pi0)        11     111   21   -0.300    0.003  224.150  224.150    0.135
   36 pi+           1     211   22   16.212  -27.995   33.393   46.494    0.140
   37 (pi0)        11     111   22   10.645  -19.414   23.752   32.471    0.135
   38 pi-           1    -211   23    6.888  -12.738   15.316   21.079    0.140
   39 (pi0)        11     111   23    7.443  -11.587   14.298   19.853    0.135
   40 gamma         1      22   24    0.049   -0.396    0.655    0.767    0.000
   41 (pi0)        11     111   24    2.582   -4.957    5.752    8.022    0.135
   42 K+            1     321   26    0.603   -1.864    2.676    3.353    0.494
   43 pi-           1    -211   26   -0.049   -0.119    0.111    0.220    0.140
   44 (Kbar0)      11    -311   27    0.035   -0.006    2.175    2.231    0.498
   45 pi-           1    -211   27   -0.078   -0.497    1.455    1.546    0.140
   46 n0            1    2112   29    1.101    0.432   33.936   33.970    0.940
   47 pi-           1    -211   29    0.380   -0.083    9.887    9.896    0.140
   48 gamma         1      22   30   -0.075    0.148    5.667    5.670    0.000
   49 gamma         1      22   30    0.029    0.238    5.840    5.845    0.000
   50 (Lambdabar0) 11   -3122   31   -0.110    0.038   35.585   35.603    1.116
   51 pi+           1     211   31    0.188   -0.058    3.618    3.626    0.140
   52 gamma         1      22   35   -0.132    0.049  133.274  133.274    0.000
   53 gamma         1      22   35   -0.169   -0.046   90.876   90.876    0.000
   54 gamma         1      22   37    9.157  -16.610   20.318   27.795    0.000
   55 gamma         1      22   37    1.488   -2.804    3.434    4.676    0.000
   56 gamma         1      22   39    6.067   -9.506   11.765   16.297    0.000
   57 gamma         1      22   39    1.376   -2.081    2.533    3.556    0.000
   58 gamma         1      22   41    0.322   -0.688    0.831    1.125    0.000
   59 gamma         1      22   41    2.259   -4.270    4.921    6.896    0.000
   60 K_L0          1     130   44    0.035   -0.006    2.175    2.231    0.498
   61 pbar-         1   -2212   50   -0.083    0.131   29.693   29.708    0.938
   62 pi+           1     211   50   -0.027   -0.093    5.892    5.895    0.140
 ==============================================================================
                   sum:  2.00         0.000    0.000  792.500  847.501  300.335



                            Event listing (summary)

    I particle/jet KS     KF  orig    p_x      p_y      p_z       E        m

    1 !e+!         21     -11    0    0.000    0.000  -27.500   27.500    0.001
    2 !p+!         21    2212    0    0.000    0.000  820.000  820.001    0.938
 ==============================================================================
    3 !e+!         21     -11    1    0.000    0.000  -27.500   27.500    0.000
    4 !u!          21       2    2   -0.176    0.527  398.823  398.823    0.000
    5 !e+!         21     -11    3    0.000    0.000  -27.487   27.487    0.000
    6 !u!          21       2    4   -1.301    0.139  367.766  367.768    0.000
    7 !S_1/2L!     21      39    0   -1.301    0.139  340.278  395.255  201.086
    8 !mu+!        21     -13    7   85.329  -46.466  123.000  156.746    0.106
    9 !u!          21       2    7  -86.630   46.605  217.279  238.510    0.330
 ==============================================================================
   10 gamma         1      22    3    0.000    0.000    0.001    0.001    0.000
   11 mu+           1     -13    8   80.884  -44.046  116.593  148.580    0.106
   12 gamma         1      22    1    0.000    0.000    0.000    0.000    0.000
   13 (u)       A  12       2    9  -22.233   27.463   78.143   85.761    0.330
   14 (g)       I  12      21    9  -14.097   15.702   46.320   50.900    0.000
   15 (g)       I  12      21    9   -1.103    1.700    7.057    7.342    0.000
   16 (g)       I  12      21    9  -10.414    0.168   20.171   22.701    0.000
   17 (g)       I  12      21    9  -23.197   -1.187   50.466   55.555    0.000
   18 (g)       I  12      21    9   -9.569   -0.714   17.307   19.789    0.000
   19 (g)       I  12      21    9   -1.572    1.053    4.223    4.628    0.000
   20 (g)       I  12      21    4    1.126    0.388   31.043   31.066    0.000
   21 (ud_0)    V  11    2101    2    0.176   -0.527  421.177  421.178    0.579
 ==============================================================================
   22 (string)     11      92   13  -80.884   44.046  675.907  698.919  152.171
   23 (eta)        11     221   22   -7.511    7.852   23.163   25.591    0.547
   24 (K*+)        11     323   22  -13.579   17.647   51.148   55.792    0.899
   25 (Kbar0)      11    -311   22   -3.109    3.770   10.201   11.323    0.498
   26 pi-           1    -211   22   -3.440    3.808   11.263   12.378    0.140
   27 pi+           1     211   22   -7.020    8.422   24.034   26.417    0.140
   28 pi-           1    -211   22   -1.419    2.018    5.678    6.192    0.140
   29 (omega)      11     223   22   -2.500    0.571    6.471    7.005    0.795
   30 (eta)        11     221   22   -1.903    0.992    3.382    4.043    0.547
   31 (pi0)        11     111   22  -15.664   -0.779   35.716   39.008    0.135
   32 K+            1     321   22   -7.412   -0.118   13.354   15.281    0.494
   33 (Lambda0)    11    3122   22  -10.795   -0.463   23.473   25.864    1.116
   34 nbar0         1   -2112   22   -2.371    0.074    4.814    5.448    0.940
   35 (pi0)        11     111   22   -0.858    0.199    2.438    2.596    0.135
   36 (rho-)       11    -213   22   -2.336   -0.645    5.081    5.683    0.776
   37 (eta')       11     331   22   -1.622    0.249    4.022    4.448    0.958
   38 (rho0)       11     113   22   -0.028    0.269    3.732    3.826    0.795
   39 (Delta0)     11    2114   22   -0.134    0.555   23.918   23.956    1.216
   40 pi+           1     211   22    0.063   -0.292    5.905    5.914    0.140
   41 (Deltabar-)  11   -2214   22    0.138   -0.149   33.001   33.021    1.143
   42 (pi0)        11     111   22    0.341    0.399   10.563   10.577    0.135
   43 (Sigma+)     11    3222   22   -0.241   -0.314  134.120  134.126    1.189
   44 (K0)         11     311   22    0.514   -0.021  240.430  240.431    0.498
   45 (pi0)        11     111   23   -1.361    1.507    4.362    4.813    0.135
   46 (pi0)        11     111   23   -1.127    1.249    3.649    4.020    0.135
   47 (pi0)        11     111   23   -5.022    5.096   15.152   16.757    0.135
   48 (K0)         11     311   24   -9.217   11.623   33.585   36.718    0.498
   49 pi+           1     211   24   -4.362    6.025   17.563   19.074    0.140
   50 (K_S0)       11     310   25   -3.109    3.770   10.201   11.323    0.498
   51 pi+           1     211   29   -1.072    0.481    2.383    2.661    0.140
   52 pi-           1    -211   29   -0.526   -0.037    1.725    1.809    0.140
   53 (pi0)        11     111   29   -0.901    0.128    2.363    2.536    0.135
   54 (pi0)        11     111   30   -1.003    0.476    1.614    1.964    0.135
   55 (pi0)        11     111   30   -0.404    0.312    1.024    1.152    0.135
   56 (pi0)        11     111   30   -0.496    0.203    0.745    0.927    0.135
   57 gamma         1      22   31  -13.140   -0.604   29.955   32.716    0.000
   58 gamma         1      22   31   -2.525   -0.175    5.761    6.293    0.000
   59 p+            1    2212   33   -8.199   -0.377   17.896   19.711    0.938
   60 pi-           1    -211   33   -2.596   -0.086    5.577    6.154    0.140
   61 gamma         1      22   35   -0.605    0.156    1.891    1.991    0.000
   62 gamma         1      22   35   -0.253    0.042    0.547    0.604    0.000
   63 pi-           1    -211   36   -0.392   -0.070    1.575    1.631    0.140
   64 (pi0)        11     111   36   -1.943   -0.575    3.506    4.052    0.135
   65 pi+           1     211   37   -0.114    0.026    0.434    0.471    0.140
   66 pi-           1    -211   37   -0.134    0.120    0.602    0.643    0.140
   67 (eta)        11     221   37   -1.374    0.104    2.986    3.334    0.547
   68 pi+           1     211   38   -0.026    0.490    3.097    3.138    0.140
   69 pi-           1    -211   38   -0.002   -0.221    0.636    0.687    0.140
   70 n0            1    2112   39   -0.041    0.224   16.157   16.186    0.940
   71 (pi0)        11     111   39   -0.093    0.332    7.761    7.770    0.135
   72 pbar-         1   -2212   41    0.130   -0.251   26.247   26.265    0.938
   73 (pi0)        11     111   41    0.008    0.102    6.754    6.756    0.135
   74 gamma         1      22   42    0.013    0.017    0.131    0.133    0.000
   75 gamma         1      22   42    0.328    0.381   10.432   10.444    0.000
   76 p+            1    2212   43   -0.153   -0.136   88.152   88.157    0.938
   77 (pi0)        11     111   43   -0.089   -0.178   45.968   45.969    0.135
   78 (K_S0)       11     310   44    0.514   -0.021  240.430  240.431    0.498
   79 gamma         1      22   45   -0.427    0.480    1.532    1.661    0.000
   80 gamma         1      22   45   -0.934    1.027    2.830    3.152    0.000
   81 gamma         1      22   46   -0.639    0.607    1.892    2.087    0.000
   82 gamma         1      22   46   -0.489    0.642    1.757    1.934    0.000
   83 gamma         1      22   47   -4.784    4.826   14.440   15.959    0.000
   84 gamma         1      22   47   -0.238    0.270    0.712    0.798    0.000
   85 (K_S0)       11     310   48   -9.217   11.623   33.585   36.718    0.498
   86 pi+           1     211   50   -0.836    0.814    2.670    2.917    0.140
   87 pi-           1    -211   50   -2.273    2.957    7.531    8.405    0.140
   88 gamma         1      22   53   -0.177    0.067    0.396    0.438    0.000
   89 gamma         1      22   53   -0.724    0.061    1.967    2.097    0.000
   90 gamma         1      22   54   -0.922    0.434    1.406    1.737    0.000
   91 gamma         1      22   54   -0.081    0.042    0.208    0.227    0.000
   92 gamma         1      22   55   -0.335    0.220    0.679    0.788    0.000
   93 gamma         1      22   55   -0.069    0.092    0.345    0.364    0.000
   94 gamma         1      22   56   -0.415    0.127    0.649    0.780    0.000
   95 gamma         1      22   56   -0.081    0.076    0.096    0.147    0.000
   96 gamma         1      22   64   -1.788   -0.555    3.178    3.688    0.000
   97 gamma         1      22   64   -0.156   -0.021    0.328    0.364    0.000
   98 gamma         1      22   67   -0.721    0.151    0.995    1.238    0.000
   99 gamma         1      22   67   -0.654   -0.048    1.991    2.096    0.000
  100 gamma         1      22   71    0.034    0.102    2.358    2.360    0.000
  101 gamma         1      22   71   -0.127    0.230    5.404    5.410    0.000
  102 gamma         1      22   73    0.060    0.076    2.769    2.771    0.000
  103 gamma         1      22   73   -0.052    0.026    3.984    3.985    0.000
  104 gamma         1      22   77   -0.030   -0.087   34.441   34.441    0.000
  105 gamma         1      22   77   -0.059   -0.091   11.527   11.528    0.000
  106 pi-           1    -211   78    0.226    0.191   97.730   97.731    0.140
  107 pi+           1     211   78    0.289   -0.213  142.699  142.700    0.140
  108 pi+           1     211   85   -2.433    3.106    9.359   10.158    0.140
  109 pi-           1    -211   85   -6.784    8.516   24.226   26.560    0.140
 ==============================================================================
                   sum:  2.00         0.000    0.000  792.500  847.501  300.335



                            Event listing (summary)

    I particle/jet KS     KF  orig    p_x      p_y      p_z       E        m

    1 !e+!         21     -11    0    0.000    0.000  -27.500   27.500    0.001
    2 !p+!         21    2212    0    0.000    0.000  820.000  820.001    0.938
 ==============================================================================
    3 !e+!         21     -11    1    0.000    0.000  -27.498   27.498    0.000
    4 !u!          21       2    2   -0.560   -1.015  451.065  451.067    0.000
    5 !e+!         21     -11    3    0.000    0.000  -27.315   27.315    0.000
    6 !u!          21       2    4    0.393   -4.106  366.968  366.991    0.000
    7 !S_1/2L!     21      39    0    0.393   -4.106  339.653  394.306  200.239
    8 !mu+!        21     -13    7   25.552  -91.258   98.644  136.791    0.106
    9 !u!          21       2    7  -25.159   87.153  241.009  257.516    0.330
 ==============================================================================
   10 gamma         1      22    3    0.000    0.000    0.000    0.000    0.000
   11 mu+           1     -13    8   25.525  -91.163   98.541  136.648    0.106
   12 gamma         1      22    1    0.000    0.000    0.000    0.000    0.000
   13 (u)       A  12       2    9   -8.061   29.641   80.445   86.111    0.330
   14 (g)       I  12      21    9  -16.065   54.141  148.094  158.496    0.000
   15 (g)       I  12      21    9   -1.031    3.152   12.401   12.837    0.000
   16 (g)       I  12      21    9    0.024    0.125    0.172    0.214    0.000
   17 (g)       I  12      21    4    1.149    0.641    4.705    4.886    0.000
   18 (g)       I  12      21    4   -0.423   -0.444    4.414    4.457    0.000
   19 (g)       I  12      21    4   -1.019    1.592   23.027   23.105    0.000
   20 (g)       I  12      21    4    0.393    0.955   23.086   23.109    0.000
   21 (g)       I  12      21    4   -1.053    0.345   28.681   28.702    0.000
   22 (ud_1)    V  11    2103    2    0.560    1.015  368.933  368.936    0.771
 ==============================================================================
   23 (string)     11      92   13  -25.525   91.163  693.959  710.853  121.531
   24 (K*+)        11     323   23  -11.431   40.735  111.532  119.290    0.899
   25 (K*bar0)     11    -313   23   -8.071   26.579   72.678   77.811    0.928
   26 (rho-)       11    -213   23   -3.297   11.405   31.556   33.725    0.828
   27 (eta')       11     331   23   -0.783    4.631   12.985   13.841    0.957
   28 (pi0)        11     111   23   -0.067    0.990    1.857    2.110    0.135
   29 pi+           1     211   23   -1.272    3.055   10.089   10.619    0.140
   30 pi-           1    -211   23    0.385   -0.084    3.165    3.193    0.140
   31 (pi0)        11     111   23   -0.009    0.533    5.491    5.519    0.135
   32 (rho+)       11     213   23   -0.398    0.278   18.581   18.605    0.816
   33 (rho-)       11    -213   23    0.193    0.426    6.241    6.295    0.682
   34 (eta')       11     331   23   -0.402    0.484   50.074   50.087    0.958
   35 (rho+)       11     213   23    0.001    1.037   49.072   49.089    0.799
   36 (rho-)       11    -213   23   -0.405    0.135   46.214   46.224    0.873
   37 (pi0)        11     111   23    0.017   -0.110    2.704    2.709    0.135
   38 (rho+)       11     213   23   -0.095    0.497   57.064   57.073    0.847
   39 (Delta0)     11    2114   23    0.107    0.572  214.656  214.661    1.286
   40 (K0)         11     311   24   -9.545   34.386   93.491  100.071    0.498
   41 pi+           1     211   24   -1.887    6.349   18.041   19.219    0.140
   42 (Kbar0)      11    -311   25   -3.240   11.435   30.802   33.019    0.498
   43 (pi0)        11     111   25   -4.831   15.145   41.876   44.791    0.135
   44 pi-           1    -211   26   -2.666    9.474   25.338   27.182    0.140
   45 (pi0)        11     111   26   -0.631    1.931    6.218    6.543    0.135
   46 (pi0)        11     111   27   -0.041    0.422    1.295    1.370    0.135
   47 (pi0)        11     111   27   -0.089    0.679    1.499    1.654    0.135
   48 (eta)        11     221   27   -0.653    3.530   10.190   10.818    0.547
   49 gamma         1      22   28   -0.019    0.440    0.966    1.062    0.000
   50 gamma         1      22   28   -0.048    0.550    0.892    1.049    0.000
   51 gamma         1      22   31    0.015    0.357    4.221    4.236    0.000
   52 gamma         1      22   31   -0.024    0.176    1.270    1.283    0.000
   53 pi+           1     211   32   -0.033   -0.164   10.737   10.739    0.140
   54 (pi0)        11     111   32   -0.365    0.442    7.844    7.866    0.135
   55 pi-           1    -211   33   -0.054    0.061    4.204    4.207    0.140
   56 (pi0)        11     111   33    0.248    0.364    2.037    2.088    0.135
   57 gamma         1      22   34    0.094    0.040    2.086    2.088    0.000
   58 (rho0)       11     113   34   -0.496    0.444   47.988   47.999    0.758
   59 pi+           1     211   35   -0.270    0.096   10.966   10.970    0.140
   60 (pi0)        11     111   35    0.271    0.941   38.106   38.119    0.135
   61 pi-           1    -211   36    0.126    0.127    3.868    3.875    0.140
   62 (pi0)        11     111   36   -0.531    0.008   42.346   42.349    0.135
   63 gamma         1      22   37   -0.004   -0.127    2.565    2.568    0.000
   64 gamma         1      22   37    0.021    0.017    0.139    0.141    0.000
   65 pi+           1     211   38   -0.180   -0.157   24.596   24.598    0.140
   66 (pi0)        11     111   38    0.085    0.654   32.468   32.475    0.135
   67 n0            1    2112   39    0.156    0.218  177.061  177.063    0.940
   68 (pi0)        11     111   39   -0.049    0.354   37.596   37.598    0.135
   69 K_L0          1     130   40   -9.545   34.386   93.491  100.071    0.498
   70 K_L0          1     130   42   -3.240   11.435   30.802   33.019    0.498
   71 gamma         1      22   43   -1.849    5.891   16.433   17.554    0.000
   72 gamma         1      22   43   -2.982    9.253   25.443   27.237    0.000
   73 gamma         1      22   45   -0.210    0.839    2.729    2.862    0.000
   74 gamma         1      22   45   -0.421    1.092    3.490    3.681    0.000
   75 gamma         1      22   46   -0.017    0.036    0.284    0.287    0.000
   76 gamma         1      22   46   -0.025    0.387    1.011    1.083    0.000
   77 gamma         1      22   47   -0.096    0.234    0.539    0.595    0.000
   78 gamma         1      22   47    0.007    0.445    0.960    1.058    0.000
   79 gamma         1      22   48   -0.598    3.341    9.149    9.758    0.000
   80 gamma         1      22   48   -0.054    0.189    1.041    1.060    0.000
   81 gamma         1      22   54   -0.179    0.251    3.345    3.359    0.000
   82 gamma         1      22   54   -0.186    0.191    4.499    4.507    0.000
   83 gamma         1      22   56    0.107    0.097    0.924    0.935    0.000
   84 gamma         1      22   56    0.140    0.267    1.113    1.153    0.000
   85 pi+           1     211   58   -0.360   -0.126   19.420   19.425    0.140
   86 pi-           1    -211   58   -0.136    0.570   28.568   28.574    0.140
   87 gamma         1      22   60    0.219    0.614   23.291   23.300    0.000
   88 gamma         1      22   60    0.052    0.327   14.815   14.819    0.000
   89 gamma         1      22   62   -0.046    0.028    7.136    7.137    0.000
   90 gamma         1      22   62   -0.485   -0.019   35.209   35.213    0.000
   91 gamma         1      22   66    0.042    0.503   21.940   21.945    0.000
   92 gamma         1      22   66    0.043    0.151   10.528   10.530    0.000
   93 gamma         1      22   68   -0.046    0.088    5.960    5.961    0.000
   94 gamma         1      22   68   -0.003    0.267   31.636   31.637    0.000
 ==============================================================================
                   sum:  2.00         0.000    0.000  792.500  847.501  300.335



                            Event listing (summary)

    I particle/jet KS     KF  orig    p_x      p_y      p_z       E        m

    1 !e+!         21     -11    0    0.000    0.000  -27.500   27.500    0.001
    2 !p+!         21    2212    0    0.000    0.000  820.000  820.001    0.938
 ==============================================================================
    3 !e+!         21     -11    1    0.000    0.000  -27.500   27.500    0.000
    4 !u!          21       2    2   -0.337    0.573  365.381  365.381    0.000
    5 !e+!         21     -11    3    0.000    0.000  -27.499   27.499    0.000
    6 !u!          21       2    4   -0.337    0.573  365.381  365.381    0.000
    7 !S_1/2L!     21      39    0   -0.337    0.573  337.881  392.881  200.477
    8 !mu+!        21     -13    7  -80.954  -55.181  127.574  160.853    0.106
    9 !u!          21       2    7   80.617   55.755  210.308  232.028    0.330
 ==============================================================================
   10 gamma         1      22    3    0.000    0.000    0.000    0.000    0.000
   11 gamma         1      22    3    0.000    0.000    0.000    0.000    0.000
   12 mu+           1     -13    8  -79.608  -54.264  125.452  158.178    0.106
   13 gamma         1      22    1    0.000    0.000    0.000    0.000    0.000
   14 (u)       A  12       2    9   55.179   29.092  128.524  142.863    0.330
   15 (g)       I  12      21    9   18.373   11.314   44.447   49.407    0.000
   16 (g)       I  12      21    9    1.266    1.995    7.111    7.493    0.000
   17 (g)       I  12      21    9    4.453   12.436   32.347   34.940    0.000
   18 (ud_0)    V  11    2101    2    0.337   -0.573  454.619  454.620    0.579
 ==============================================================================
   19 (string)     11      92   14   79.608   54.264  667.048  689.323  144.675
   20 (eta)        11     221   19    7.298    4.436   17.275   19.279    0.547
   21 (rho0)       11     113   19   64.171   34.223  150.885  167.502    1.139
   22 (pi0)        11     111   19    0.873    2.004    5.143    5.590    0.135
   23 (rho+)       11     213   19    1.756    1.990    5.637    6.266    0.667
   24 (omega)      11     223   19    2.149    4.971   14.231   15.247    0.790
   25 (eta)        11     221   19    0.418    0.529    2.315    2.473    0.547
   26 (omega)      11     223   19    1.384    2.863    7.572    8.249    0.779
   27 (omega)      11     223   19    0.824    3.379    9.817   10.442    0.760
   28 n0            1    2112   19   -0.022   -0.040   14.299   14.330    0.940
   29 (eta')       11     331   19    0.763    0.539   14.756   14.816    0.957
   30 pbar-         1   -2212   19   -0.167   -0.444   59.158   59.168    0.938
   31 p+            1    2212   19    0.161   -0.186  365.960  365.962    0.938
   32 (pi0)        11     111   20    4.032    2.484    9.866   10.945    0.135
   33 (pi0)        11     111   20    1.288    0.827    2.986    3.358    0.135
   34 (pi0)        11     111   20    1.978    1.124    4.423    4.976    0.135
   35 pi+           1     211   21   32.933   17.697   78.807   87.226    0.140
   36 pi-           1    -211   21   31.238   16.526   72.078   80.276    0.140
   37 gamma         1      22   22    0.344    0.874    2.063    2.267    0.000
   38 gamma         1      22   22    0.529    1.130    3.080    3.324    0.000
   39 pi+           1     211   23    1.278    1.696    4.008    4.538    0.140
   40 (pi0)        11     111   23    0.478    0.294    1.629    1.728    0.135
   41 pi-           1    -211   24    1.165    2.149    6.056    6.533    0.140
   42 pi+           1     211   24    0.878    2.261    6.742    7.166    0.140
   43 (pi0)        11     111   24    0.105    0.561    1.433    1.548    0.135
   44 gamma         1      22   25    0.173    0.591    1.648    1.760    0.000
   45 gamma         1      22   25    0.244   -0.062    0.667    0.713    0.000
   46 pi+           1     211   26    0.738    1.501    3.826    4.178    0.140
   47 pi-           1    -211   26    0.359    0.731    1.446    1.665    0.140
   48 (pi0)        11     111   26    0.286    0.631    2.300    2.406    0.135
   49 pi-           1    -211   27    0.316    0.886    3.295    3.429    0.140
   50 pi+           1     211   27    0.477    1.781    4.507    4.872    0.140
   51 (pi0)        11     111   27    0.031    0.713    2.015    2.141    0.135
   52 (pi0)        11     111   29    0.363    0.145    5.380    5.395    0.135
   53 (pi0)        11     111   29    0.090    0.021    1.065    1.078    0.135
   54 (eta)        11     221   29    0.310    0.373    8.311    8.343    0.547
   55 gamma         1      22   32    2.576    1.646    6.273    6.978    0.000
   56 gamma         1      22   32    1.456    0.838    3.593    3.967    0.000
   57 gamma         1      22   33    0.955    0.545    2.183    2.445    0.000
   58 gamma         1      22   33    0.333    0.282    0.803    0.914    0.000
   59 gamma         1      22   34    1.780    1.056    4.022    4.524    0.000
   60 gamma         1      22   34    0.198    0.068    0.401    0.452    0.000
   61 gamma         1      22   40    0.328    0.170    0.881    0.955    0.000
   62 gamma         1      22   40    0.150    0.125    0.748    0.773    0.000
   63 gamma         1      22   43    0.052    0.055    0.143    0.162    0.000
   64 gamma         1      22   43    0.054    0.505    1.290    1.386    0.000
   65 gamma         1      22   48    0.058    0.060    0.177    0.195    0.000
   66 gamma         1      22   48    0.229    0.571    2.123    2.210    0.000
   67 gamma         1      22   51   -0.035    0.106    0.236    0.261    0.000
   68 e-            1      11   51    0.046    0.415    1.206    1.276    0.001
   69 e+            1     -11   51    0.020    0.192    0.573    0.604    0.001
   70 gamma         1      22   52    0.047   -0.007    1.291    1.292    0.000
   71 gamma         1      22   52    0.316    0.151    4.089    4.104    0.000
   72 gamma         1      22   53    0.096   -0.019    0.419    0.430    0.000
   73 gamma         1      22   53   -0.006    0.040    0.647    0.648    0.000
   74 gamma         1      22   54   -0.131    0.208    2.102    2.116    0.000
   75 gamma         1      22   54    0.441    0.165    6.208    6.226    0.000
 ==============================================================================
                   sum:  2.00         0.000    0.000  792.500  847.501  300.335



                            Event listing (summary)

    I particle/jet KS     KF  orig    p_x      p_y      p_z       E        m

    1 !e+!         21     -11    0    0.000    0.000  -27.500   27.500    0.001
    2 !p+!         21    2212    0    0.000    0.000  820.000  820.001    0.938
 ==============================================================================
    3 !e+!         21     -11    1    0.000    0.000  -27.495   27.495    0.000
    4 !u!          21       2    2   -1.919    0.249  424.095  424.100    0.000
    5 !e+!         21     -11    3    0.000    0.000  -26.407   26.407    0.000
    6 !u!          21       2    4   -8.828    3.568  380.122  380.242    0.000
    7 !S_1/2L!     21      39    0   -8.828    3.568  353.715  406.649  200.396
    8 !mu+!        21     -13    7   49.885  -26.729  332.463  337.246    0.106
    9 !u!          21       2    7  -58.713   30.297   21.252   69.404    0.330
 ==============================================================================
   10 gamma         1      22    3    0.000    0.000    0.000    0.000    0.000
   11 mu+           1     -13    8   47.367  -25.379  315.681  320.223    0.106
   12 gamma         1      22    8    0.002   -0.002    0.011    0.011    0.000
   13 gamma         1      22    1    0.000    0.000    0.000    0.000    0.000
   14 (u)       A  12       2    9  -19.125    7.092    3.690   20.731    0.330
   15 (g)       I  12      21    9  -23.461   10.352    3.915   25.941    0.000
   16 (g)       I  12      21    9   -0.918    0.878    0.694    1.448    0.000
   17 (g)       I  12      21    9   -7.756   -1.092    2.728    8.294    0.000
   18 (g)       I  12      21    9   -0.169    0.136    0.137    0.256    0.000
   19 (g)       I  12      21    9   -0.685    0.594    2.214    2.393    0.000
   20 (g)       I  12      21    9   -1.507    5.443   12.654   13.857    0.000
   21 (g)       I  12      21    9   -1.908    4.779    9.457   10.767    0.000
   22 (g)       I  12      21    9   -0.668    0.767    2.534    2.731    0.000
   23 (g)       I  12      21    4   -0.200    0.264    2.659    2.679    0.000
   24 (g)       I  12      21    4    1.047   -1.957    3.097    3.810    0.000
   25 (g)       I  12      21    4    1.694   -3.214    7.919    8.712    0.000
   26 (g)       I  12      21    4    1.201   -0.966    7.874    8.024    0.000
   27 (g)       I  12      21    4    3.167    2.553   21.337   21.721    0.000
   28 (ud_0)    V  11    2101    2    1.919   -0.249  395.900  395.905    0.579
 ==============================================================================
   29 (string)     11      92   14  -47.368   25.381  476.808  527.267  218.579
   30 pi+           1     211   29  -16.516    6.592    2.470   17.954    0.140
   31 pi-           1    -211   29   -3.843    1.480    0.931    4.225    0.140
   32 (rho0)       11     113   29   -3.910    1.489    0.631    4.291    0.713
   33 (K*+)        11     323   29  -18.079    8.072    4.027   20.222    0.848
   34 (K*-)        11    -323   29   -3.146    0.662    0.832    3.439    0.894
   35 (rho+)       11     213   29   -4.742   -0.757    1.974    5.248    0.765
   36 (rho-)       11    -213   29   -1.362    0.435    1.319    2.075    0.721
   37 (omega)      11     223   29   -0.455    1.875    4.652    5.097    0.781
   38 (rho0)       11     113   29   -0.291    0.307    1.873    2.140    0.945
   39 (rho+)       11     213   29   -1.736    3.018    6.457    7.391    0.899
   40 n0            1    2112   29    0.208    0.514    2.229    2.482    0.940
   41 (rho-)       11    -213   29   -0.809    0.999    3.553    3.874    0.857
   42 nbar0         1   -2112   29   -0.781    3.432    7.494    8.333    0.940
   43 pi+           1     211   29    0.173   -0.534    0.774    0.966    0.140
   44 (omega)      11     223   29   -0.090    0.742    2.293    2.536    0.783
   45 (rho0)       11     113   29    0.099   -1.193    3.007    3.350    0.866
   46 pi-           1    -211   29    0.626   -0.947    2.522    2.769    0.140
   47 (rho+)       11     213   29    1.422   -1.413    7.209    7.520    0.747
   48 (omega)      11     223   29   -0.200   -0.445    2.550    2.699    0.738
   49 (eta)        11     221   29    1.502   -0.363    4.244    4.550    0.547
   50 (rho0)       11     113   29    0.522    0.718    5.879    5.991    0.740
   51 (rho0)       11     113   29    0.717   -0.135    6.705    6.792    0.798
   52 (pi0)        11     111   29    0.798    0.667    9.546    9.603    0.135
   53 (pi0)        11     111   29    0.234    0.020    5.430    5.437    0.135
   54 (K*0)        11     313   29    0.298    0.508   11.516   11.574    0.997
   55 (K*-)        11    -323   29    0.436    0.112   55.687   55.695    0.871
   56 (pi0)        11     111   29    0.606   -0.215   48.204   48.208    0.135
   57 pi+           1     211   29   -0.146   -0.260   28.014   28.016    0.140
   58 n0            1    2112   29    1.096    0.001  244.786  244.790    0.940
   59 pi-           1    -211   32   -1.063    0.147    0.023    1.082    0.140
   60 pi+           1     211   32   -2.847    1.342    0.608    3.209    0.140
   61 K+            1     321   33  -17.165    7.672    3.750   19.178    0.494
   62 (pi0)        11     111   33   -0.914    0.401    0.277    1.044    0.135
   63 (Kbar0)      11    -311   34   -1.124    0.270    0.164    1.269    0.498
   64 pi-           1    -211   34   -2.022    0.392    0.668    2.169    0.140
   65 pi+           1     211   35   -3.994   -0.742    1.412    4.303    0.140
   66 (pi0)        11     111   35   -0.748   -0.016    0.561    0.945    0.135
   67 pi-           1    -211   36   -0.696    0.546    0.893    1.264    0.140
   68 (pi0)        11     111   36   -0.667   -0.111    0.426    0.811    0.135
   69 pi-           1    -211   37   -0.388    0.953    1.909    2.173    0.140
   70 pi+           1     211   37   -0.116    0.233    1.025    1.066    0.140
   71 (pi0)        11     111   37    0.049    0.689    1.719    1.857    0.135
   72 pi-           1    -211   38    0.007    0.506    1.553    1.640    0.140
   73 pi+           1     211   38   -0.298   -0.199    0.320    0.500    0.140
   74 pi+           1     211   39   -1.278    1.568    4.228    4.689    0.140
   75 (pi0)        11     111   39   -0.458    1.450    2.230    2.702    0.135
   76 pi-           1    -211   41   -0.065    0.679    1.997    2.115    0.140
   77 (pi0)        11     111   41   -0.745    0.319    1.556    1.759    0.135
   78 pi+           1     211   44   -0.037    0.099    0.172    0.246    0.140
   79 pi-           1    -211   44   -0.274    0.384    1.082    1.188    0.140
   80 (pi0)        11     111   44    0.220    0.258    1.039    1.102    0.135
   81 pi-           1    -211   45   -0.210   -1.081    2.442    2.682    0.140
   82 pi+           1     211   45    0.308   -0.113    0.565    0.668    0.140
   83 pi+           1     211   47    0.843   -0.381    2.773    2.926    0.140
   84 (pi0)        11     111   47    0.579   -1.033    4.437    4.594    0.135
   85 pi-           1    -211   48   -0.258    0.017    0.591    0.660    0.140
   86 pi+           1     211   48    0.017   -0.224    1.253    1.280    0.140
   87 (pi0)        11     111   48    0.041   -0.238    0.707    0.759    0.135
   88 gamma         1      22   49    1.190   -0.427    3.786    3.992    0.000
   89 gamma         1      22   49    0.313    0.064    0.458    0.558    0.000
   90 pi+           1     211   50   -0.102    0.248    2.620    2.637    0.140
   91 pi-           1    -211   50    0.624    0.470    3.259    3.354    0.140
   92 pi+           1     211   51    0.770   -0.052    6.345    6.393    0.140
   93 pi-           1    -211   51   -0.053   -0.083    0.361    0.399    0.140
   94 gamma         1      22   52    0.068    0.080    0.675    0.683    0.000
   95 gamma         1      22   52    0.730    0.587    8.871    8.921    0.000
   96 gamma         1      22   53    0.224   -0.024    4.622    4.628    0.000
   97 gamma         1      22   53    0.010    0.044    0.808    0.810    0.000
   98 K+            1     321   54   -0.019    0.344    9.666    9.684    0.494
   99 pi-           1    -211   54    0.318    0.164    1.851    1.890    0.140
  100 (Kbar0)      11    -311   55    0.171    0.008   46.824   46.827    0.498
  101 pi-           1    -211   55    0.265    0.104    8.863    8.869    0.140
  102 gamma         1      22   56    0.327   -0.045   25.200   25.202    0.000
  103 gamma         1      22   56    0.280   -0.169   23.004   23.006    0.000
  104 gamma         1      22   62   -0.007    0.011   -0.010    0.016    0.000
  105 gamma         1      22   62   -0.907    0.390    0.287    1.028    0.000
  106 (K_S0)       11     310   63   -1.124    0.270    0.164    1.269    0.498
  107 gamma         1      22   66   -0.691    0.013    0.479    0.841    0.000
  108 gamma         1      22   66   -0.057   -0.029    0.082    0.104    0.000
  109 gamma         1      22   68   -0.065   -0.039    0.089    0.117    0.000
  110 gamma         1      22   68   -0.602   -0.073    0.337    0.693    0.000
  111 gamma         1      22   71    0.069    0.677    1.674    1.807    0.000
  112 gamma         1      22   71   -0.019    0.012    0.045    0.050    0.000
  113 gamma         1      22   75   -0.155    0.384    0.520    0.665    0.000
  114 gamma         1      22   75   -0.302    1.066    1.709    2.037    0.000
  115 gamma         1      22   77   -0.419    0.147    0.978    1.074    0.000
  116 gamma         1      22   77   -0.325    0.172    0.578    0.685    0.000
  117 gamma         1      22   80    0.213    0.218    0.997    1.043    0.000
  118 gamma         1      22   80    0.008    0.041    0.042    0.059    0.000
  119 gamma         1      22   84    0.240   -0.448    2.163    2.222    0.000
  120 gamma         1      22   84    0.339   -0.585    2.273    2.372    0.000
  121 gamma         1      22   87    0.088   -0.187    0.511    0.551    0.000
  122 gamma         1      22   87   -0.047   -0.051    0.196    0.208    0.000
  123 (K_S0)       11     310  100    0.171    0.008   46.824   46.827    0.498
  124 pi-           1    -211  106   -0.524    0.039    0.263    0.604    0.140
  125 pi+           1     211  106   -0.600    0.231   -0.099    0.665    0.140
  126 (pi0)        11     111  123   -0.066   -0.013   32.475   32.476    0.135
  127 (pi0)        11     111  123    0.237    0.021   14.348   14.351    0.135
  128 gamma         1      22  126   -0.035   -0.047    5.557    5.558    0.000
  129 gamma         1      22  126   -0.031    0.034   26.918   26.918    0.000
  130 gamma         1      22  127    0.034   -0.042    4.448    4.449    0.000
  131 gamma         1      22  127    0.203    0.063    9.900    9.902    0.000
 ==============================================================================
                   sum:  2.00         0.000    0.000  792.500  847.501  300.335



                            Event listing (summary)

    I particle/jet KS     KF  orig    p_x      p_y      p_z       E        m

    1 !e+!         21     -11    0    0.000    0.000  -27.500   27.500    0.001
    2 !p+!         21    2212    0    0.000    0.000  820.000  820.001    0.938
 ==============================================================================
    3 !e+!         21     -11    1    0.000    0.000  -27.499   27.499    0.000
    4 !u!          21       2    2   -0.188    0.985  380.840  380.842    0.000
    5 !e+!         21     -11    3    0.000    0.000  -27.242   27.242    0.000
    6 !u!          21       2    4   -0.084    4.555  367.718  367.747    0.000
    7 !S_1/2L!     21      39    0   -0.084    4.555  340.476  394.989  200.178
    8 !mu+!        21     -13    7   27.512  -86.384   92.931  129.828    0.106
    9 !u!          21       2    7  -27.596   90.938  247.546  265.161    0.330
 ==============================================================================
   10 gamma         1      22    3    0.000    0.000    0.000    0.000    0.000
   11 mu+           1     -13    8   26.988  -84.491   90.855  126.971    0.106
   12 gamma         1      22    8    0.028   -0.333    0.417    0.535    0.000
   13 gamma         1      22    1    0.000    0.000    0.000    0.000    0.000
   14 (u)       A  12       2    9  -10.073   19.324   60.415   64.226    0.330
   15 (g)       I  12      21    9   -0.933    3.754    9.631   10.379    0.000
   16 (g)       I  12      21    9   -0.816   11.375   29.185   31.334    0.000
   17 (g)       I  12      21    9   -2.504   17.022   43.297   46.590    0.000
   18 (g)       I  12      21    9   -3.170   17.448   47.429   50.636    0.000
   19 (g)       I  12      21    9   -3.722   10.343   24.153   26.536    0.000
   20 (g)       I  12      21    9   -0.150    4.184   10.190   11.016    0.000
   21 (g)       I  12      21    9    0.542    1.509    2.434    2.915    0.000
   22 (g)       I  12      21    9    0.026    0.534    2.384    2.443    0.000
   23 (g)       I  12      21    9   -6.299    3.887   20.088   21.408    0.000
   24 (g)       I  12      21    4   -0.104   -3.570   12.865   13.352    0.000
   25 (ud_0)    V  11    2101    2    0.188   -0.985  439.159  439.160    0.579
 ==============================================================================
   26 (string)     11      92   14  -27.016   84.825  701.229  719.995  136.915
   27 (omega)      11     223   26   -6.005   11.248   34.063   36.380    0.782
   28 (omega)      11     223   26   -4.006    9.540   29.031   30.830    0.785
   29 K+            1     321   26   -0.460    1.253    4.262    4.493    0.494
   30 (K*-)        11    -323   26   -4.030   29.289   77.135   82.611    0.835
   31 pi+           1     211   26   -0.696    3.596    8.230    9.010    0.140
   32 (K*0)        11     313   26   -2.115   11.188   26.713   29.055    0.986
   33 (K*-)        11    -323   26   -2.352    9.576   25.795   27.630    0.885
   34 pi+           1     211   26   -0.083    1.053    2.510    2.727    0.140
   35 n0            1    2112   26    0.152    2.434    6.427    6.938    0.940
   36 nbar0         1   -2112   26   -1.859    4.461   10.441   11.544    0.940
   37 n0            1    2112   26   -1.086    2.149    8.159    8.558    0.940
   38 (rho0)       11     113   26   -1.235    1.457    2.735    3.405    0.681
   39 (Sigmabar0)  11   -3212   26   -2.910    1.665   12.398   12.899    1.193
   40 (Sigma*0)    11    3214   26   -0.781   -1.451    6.651    6.987    1.367
   41 (omega)      11     223   26    0.486   -0.305    8.016    8.074    0.772
   42 pbar-         1   -2212   26   -0.202   -1.571    9.044    9.230    0.938
   43 pi+           1     211   26    0.711    0.092   43.869   43.875    0.140
   44 n0            1    2112   26   -0.547   -0.849  385.748  385.751    0.940
   45 gamma         1      22   27   -3.160    5.658   18.329   19.441    0.000
   46 (pi0)        11     111   27   -2.845    5.590   15.735   16.939    0.135
   47 pi+           1     211   28   -0.765    2.205    5.970    6.412    0.140
   48 pi-           1    -211   28   -1.320    3.027    9.856   10.395    0.140
   49 (pi0)        11     111   28   -1.921    4.308   13.205   14.023    0.135
   50 K-            1    -321   30   -2.496   16.655   44.279   47.376    0.494
   51 (pi0)        11     111   30   -1.534   12.634   32.856   35.235    0.135
   52 K+            1     321   32   -0.767    3.233    7.852    8.540    0.494
   53 pi-           1    -211   32   -1.348    7.955   18.861   20.514    0.140
   54 K-            1    -321   33   -2.217    8.170   21.931   23.514    0.494
   55 (pi0)        11     111   33   -0.135    1.406    3.864    4.116    0.135
   56 pi-           1    -211   38   -0.605    0.908    1.061    1.528    0.140
   57 pi+           1     211   38   -0.630    0.549    1.674    1.876    0.140
   58 (Lambdabar0) 11   -3122   39   -2.768    1.501   11.710   12.177    1.116
   59 gamma         1      22   39   -0.142    0.164    0.688    0.721    0.000
   60 (Lambda0)    11    3122   40   -0.537   -1.349    5.428    5.729    1.116
   61 (pi0)        11     111   40   -0.244   -0.102    1.222    1.258    0.135
   62 pi+           1     211   41    0.081   -0.105    4.985    4.989    0.140
   63 pi-           1    -211   41    0.190   -0.208    1.466    1.499    0.140
   64 (pi0)        11     111   41    0.216    0.007    1.565    1.586    0.135
   65 gamma         1      22   46   -2.430    4.703   13.378   14.388    0.000
   66 gamma         1      22   46   -0.415    0.886    2.356    2.551    0.000
   67 gamma         1      22   49   -0.460    0.998    3.244    3.426    0.000
   68 gamma         1      22   49   -1.461    3.310    9.961   10.598    0.000
   69 gamma         1      22   51   -0.620    5.611   14.498   15.559    0.000
   70 gamma         1      22   51   -0.915    7.023   18.358   19.677    0.000
   71 gamma         1      22   55   -0.055    0.923    2.681    2.836    0.000
   72 gamma         1      22   55   -0.079    0.483    1.183    1.280    0.000
   73 pbar-         1   -2212   58   -2.203    1.117    9.391    9.756    0.938
   74 pi+           1     211   58   -0.566    0.384    2.319    2.421    0.140
   75 n0            1    2112   60   -0.351   -1.150    4.605    4.851    0.940
   76 (pi0)        11     111   60   -0.186   -0.199    0.823    0.878    0.135
   77 gamma         1      22   61   -0.253   -0.082    1.187    1.217    0.000
   78 gamma         1      22   61    0.009   -0.020    0.035    0.041    0.000
   79 gamma         1      22   64    0.013   -0.036    0.429    0.431    0.000
   80 gamma         1      22   64    0.204    0.043    1.136    1.155    0.000
   81 gamma         1      22   76   -0.053   -0.154    0.408    0.439    0.000
   82 gamma         1      22   76   -0.133   -0.045    0.415    0.438    0.000
 ==============================================================================
                   sum:  2.00         0.000    0.000  792.500  847.501  300.335



                            Event listing (summary)

    I particle/jet KS     KF  orig    p_x      p_y      p_z       E        m

    1 !e+!         21     -11    0    0.000    0.000  -27.500   27.500    0.001
    2 !p+!         21    2212    0    0.000    0.000  820.000  820.001    0.938
 ==============================================================================
    3 !e+!         21     -11    1    0.000    0.000  -27.498   27.498    0.000
    4 !u!          21       2    2   -0.581    1.097  356.639  356.642    0.000
    5 !e+!         21     -11    3    0.000    0.000  -27.498   27.498    0.000
    6 !u!          21       2    4   -0.581    1.097  356.639  356.642    0.000
    7 !S_1/2L!     21      39    0   -0.581    1.097  329.141  384.140  198.060
    8 !mu+!        21     -13    7   -8.652  -51.041    0.996   51.780    0.106
    9 !u!          21       2    7    8.071   52.138  328.146  332.360    0.330
 ==============================================================================
   10 gamma         1      22    3    0.000    0.000    0.000    0.000    0.000
   11 mu+           1     -13    8   -8.402  -49.615    0.990   50.331    0.106
   12 gamma         1      22    8   -0.185   -1.044   -0.002    1.060    0.000
   13 gamma         1      22    1    0.000    0.000    0.000    0.000    0.000
   14 (u)       A  12       2    9    0.550   15.028   88.549   89.817    0.330
   15 (g)       I  12      21    9   -0.356   14.199   80.456   81.700    0.000
   16 (g)       I  12      21    9   -0.010   14.012   91.697   92.762    0.000
   17 (g)       I  12      21    9    0.232    0.555    5.804    5.835    0.000
   18 (g)       I  12      21    9    4.465    5.143   35.011   35.667    0.000
   19 (g)       I  12      21    9    3.125    2.818   26.637   26.968    0.000
   20 (ud_0)    V  11    2101    2    0.581   -1.097  463.359  463.361    0.579
 ==============================================================================
   21 (string)     11      92   14    8.588   50.659  791.512  796.109   68.249
   22 pi+           1     211   21    0.638   15.858   92.088   93.446    0.140
   23 pi-           1    -211   21   -0.215    4.997   28.666   29.099    0.140
   24 (rho+)       11     213   21    0.637   16.173   99.800  101.110    1.084
   25 (rho-)       11    -213   21   -0.897    2.982   20.794   21.037    0.670
   26 p+            1    2212   21    1.359    3.620   23.835   24.165    0.938
   27 pbar-         1   -2212   21    1.659    2.630   19.129   19.403    0.938
   28 pi+           1     211   21    0.210    1.296    8.883    8.980    0.140
   29 (eta)        11     221   21    1.190    0.747    7.629    7.776    0.547
   30 (omega)      11     223   21    3.005    3.222   27.274   27.638    0.782
   31 (eta')       11     331   21    0.251    0.160   22.148   22.171    0.958
   32 (eta')       11     331   21    0.390   -0.116   46.422   46.433    0.958
   33 n0            1    2112   21    0.134   -0.674  172.076  172.080    0.940
   34 (omega)      11     223   21    0.226   -0.236  222.770  222.772    0.805
   35 pi+           1     211   24    0.436    8.388   48.579   49.300    0.140
   36 (pi0)        11     111   24    0.201    7.786   51.221   51.810    0.135
   37 pi-           1    -211   25   -0.347    0.481    3.325    3.380    0.140
   38 (pi0)        11     111   25   -0.551    2.500   17.469   17.656    0.135
   39 gamma         1      22   29    0.180    0.294    1.051    1.106    0.000
   40 gamma         1      22   29    1.011    0.453    6.578    6.670    0.000
   41 pi-           1    -211   30    0.994    0.694    7.603    7.700    0.140
   42 pi+           1     211   30    1.306    1.426   11.847   12.004    0.140
   43 (pi0)        11     111   30    0.705    1.102    7.824    7.934    0.135
   44 gamma         1      22   31   -0.009    0.195    2.604    2.612    0.000
   45 (rho0)       11     113   31    0.260   -0.035   19.544   19.559    0.731
   46 (pi0)        11     111   32   -0.106   -0.049    8.022    8.024    0.135
   47 (pi0)        11     111   32    0.098   -0.078    7.710    7.712    0.135
   48 (eta)        11     221   32    0.398    0.011   30.690   30.697    0.547
   49 pi-           1    -211   34   -0.037    0.110   35.243   35.244    0.140
   50 pi+           1     211   34   -0.049    0.023   69.489   69.489    0.140
   51 (pi0)        11     111   34    0.313   -0.369  118.038  118.039    0.135
   52 gamma         1      22   36    0.109    2.378   15.924   16.101    0.000
   53 gamma         1      22   36    0.092    5.408   35.297   35.709    0.000
   54 gamma         1      22   38   -0.356    1.359    9.839    9.939    0.000
   55 gamma         1      22   38   -0.195    1.142    7.630    7.717    0.000
   56 gamma         1      22   43    0.351    0.672    4.572    4.634    0.000
   57 gamma         1      22   43    0.353    0.430    3.252    3.299    0.000
   58 pi+           1     211   45    0.248    0.071   18.366   18.368    0.140
   59 pi-           1    -211   45    0.012   -0.106    1.178    1.191    0.140
   60 gamma         1      22   46   -0.131   -0.062    7.345    7.346    0.000
   61 gamma         1      22   46    0.024    0.013    0.677    0.678    0.000
   62 gamma         1      22   47   -0.010   -0.008    0.072    0.073    0.000
   63 gamma         1      22   47    0.108   -0.070    7.638    7.639    0.000
   64 (pi0)        11     111   48    0.047   -0.055    4.832    4.834    0.135
   65 (pi0)        11     111   48    0.010    0.036    6.089    6.090    0.135
   66 (pi0)        11     111   48    0.341    0.031   19.769   19.773    0.135
   67 gamma         1      22   51    0.265   -0.362  110.697  110.698    0.000
   68 gamma         1      22   51    0.048   -0.007    7.341    7.341    0.000
   69 gamma         1      22   64    0.031   -0.101    3.227    3.229    0.000
   70 gamma         1      22   64    0.016    0.045    1.605    1.606    0.000
   71 gamma         1      22   65    0.044    0.039    1.153    1.155    0.000
   72 gamma         1      22   65   -0.033   -0.003    4.935    4.935    0.000
   73 gamma         1      22   66    0.308    0.030   14.434   14.438    0.000
   74 gamma         1      22   66    0.033    0.001    5.335    5.335    0.000
 ==============================================================================
                   sum:  2.00         0.000    0.000  792.500  847.501  300.335



                            Event listing (summary)

    I particle/jet KS     KF  orig    p_x      p_y      p_z       E        m

    1 !e+!         21     -11    0    0.000    0.000  -27.500   27.500    0.001
    2 !p+!         21    2212    0    0.000    0.000  820.000  820.001    0.938
 ==============================================================================
    3 !e+!         21     -11    1    0.000    0.000  -27.499   27.499    0.000
    4 !u!          21       2    2    0.632   -0.662  394.883  394.884    0.000
    5 !e+!         21     -11    3    0.000    0.000  -27.485   27.485    0.000
    6 !u!          21       2    4    0.213   -1.811  365.108  365.112    0.000
    7 !S_1/2L!     21      39    0    0.213   -1.811  337.623  392.597  200.349
    8 !mu+!        21     -13    7  -76.935   47.183  250.779  266.524    0.106
    9 !u!          21       2    7   77.148  -48.994   86.845  126.073    0.330
 ==============================================================================
   10 gamma         1      22    3    0.000    0.000    0.000    0.000    0.000
   11 mu+           1     -13    8  -76.681   47.048  249.868  265.570    0.106
   12 gamma         1      22    8   -0.254    0.134    0.912    0.956    0.000
   13 gamma         1      22    1    0.000    0.000    0.000    0.000    0.000
   14 (u)       A  12       2    9   77.147  -48.993   86.844  126.071    0.330
   15 (g)       I  12      21    4    0.419    1.149   29.761   29.786    0.000
   16 (ud_0)    V  11    2101    2   -0.632    0.662  425.116  425.117    0.579
 ==============================================================================
   17 (string)     11      92   14   76.935  -47.182  541.721  580.975  189.540
   18 pi+           1     211   17   32.203  -20.738   36.299   52.771    0.140
   19 (K0)         11     311   17   11.871   -7.097   13.204   19.127    0.498
   20 (Kbar0)      11    -311   17    5.864   -3.985    7.474   10.314    0.498
   21 (eta')       11     331   17   13.170   -8.683   14.282   21.301    0.958
   22 (pi0)        11     111   17    9.852   -5.560   11.389   16.053    0.135
   23 (K0)         11     311   17    2.804   -1.929    2.872    4.480    0.498
   24 (K*bar0)     11    -313   17    0.801   -1.163    2.623    3.106    0.879
   25 (pi0)        11     111   17    0.784   -0.126    1.970    2.129    0.135
   26 n0            1    2112   17   -0.223    0.909   19.029   19.076    0.940
   27 pbar-         1   -2212   17    0.213   -0.110   16.177   16.206    0.938
   28 (rho0)       11     113   17    0.144    0.418   82.377   82.382    0.762
   29 (Delta++)    11    2224   17   -0.691    0.941  315.571  315.576    1.228
   30 pi-           1    -211   17    0.143   -0.060   18.454   18.455    0.140
   31 (K_S0)       11     310   19   11.871   -7.097   13.204   19.127    0.498
   32 K_L0          1     130   20    5.864   -3.985    7.474   10.314    0.498
   33 gamma         1      22   21    2.281   -1.267    2.348    3.510    0.000
   34 (rho0)       11     113   21   10.889   -7.416   11.934   17.791    0.728
   35 gamma         1      22   22    5.854   -3.360    6.859    9.623    0.000
   36 gamma         1      22   22    3.997   -2.200    4.530    6.429    0.000
   37 (K_S0)       11     310   23    2.804   -1.929    2.872    4.480    0.498
   38 K-            1    -321   24    0.179   -0.617    1.489    1.695    0.494
   39 pi+           1     211   24    0.622   -0.546    1.134    1.411    0.140
   40 gamma         1      22   25    0.290   -0.111    0.799    0.857    0.000
   41 gamma         1      22   25    0.494   -0.014    1.172    1.272    0.000
   42 pi-           1    -211   28   -0.267    0.244   47.185   47.186    0.140
   43 pi+           1     211   28    0.412    0.174   35.192   35.196    0.140
   44 p+            1    2212   29   -0.524    0.465  216.284  216.287    0.938
   45 pi+           1     211   29   -0.167    0.476   99.287   99.289    0.140
   46 pi+           1     211   31    6.709   -3.865    7.167   10.551    0.140
   47 pi-           1    -211   31    5.162   -3.232    6.036    8.576    0.140
   48 pi+           1     211   34    6.908   -4.548    7.087   10.892    0.140
   49 pi-           1    -211   34    3.981   -2.868    4.847    6.899    0.140
   50 (pi0)        11     111   37    1.708   -1.250    1.530    2.615    0.135
   51 (pi0)        11     111   37    1.096   -0.679    1.342    1.866    0.135
   52 gamma         1      22   50    1.603   -1.140    1.447    2.442    0.000
   53 gamma         1      22   50    0.105   -0.110    0.083    0.173    0.000
   54 gamma         1      22   51    0.595   -0.320    0.779    1.031    0.000
   55 gamma         1      22   51    0.501   -0.359    0.563    0.835    0.000
 ==============================================================================
                   sum:  2.00         0.000    0.000  792.500  847.501  300.335



                            Event listing (summary)

    I particle/jet KS     KF  orig    p_x      p_y      p_z       E        m

    1 !e+!         21     -11    0    0.000    0.000  -27.500   27.500    0.001
    2 !p+!         21    2212    0    0.000    0.000  820.000  820.001    0.938
 ==============================================================================
    3 !e+!         21     -11    1    0.000    0.000  -27.500   27.500    0.000
    4 !u!          21       2    2   -0.011    0.344  409.914  409.914    0.000
    5 !e+!         21     -11    3   -0.001    0.000  -27.330   27.330    0.000
    6 !u!          21       2    4    4.291   -2.883  362.192  362.229    0.000
    7 !S_1/2L!     21      39    0    4.290   -2.883  334.862  389.559  198.989
    8 !mu+!        21     -13    7   32.379  -90.317  106.082  143.035    0.106
    9 !u!          21       2    7  -28.089   87.434  228.780  246.524    0.330
 ==============================================================================
   10 gamma         1      22    3    0.001    0.000    0.001    0.001    0.000
   11 mu+           1     -13    8   31.868  -88.891  104.408  140.777    0.106
   12 gamma         1      22    1    0.000    0.000    0.000    0.000    0.000
   13 (u)       A  12       2    9  -26.391   83.763  204.642  222.690    0.330
   14 (g)       I  12      21    9    0.397    0.758   16.739   16.761    0.000
   15 (g)       I  12      21    9   -1.585    1.487    9.074    9.331    0.000
   16 (g)       I  12      21    4   -4.302    3.227   47.551   47.854    0.000
   17 (ud_0)    V  11    2101    2    0.011   -0.344  410.086  410.087    0.579
 ==============================================================================
   18 (string)     11      92   13  -31.869   88.891  688.092  706.722  130.649
   19 (rho+)       11     213   18   -3.882   12.548   31.998   34.597    0.782
   20 n0            1    2112   18   -9.656   29.982   72.932   79.449    0.940
   21 nbar0         1   -2112   18   -6.478   20.789   50.251   54.774    0.940
   22 pi-           1    -211   18   -1.090    3.478    7.959    8.755    0.140
   23 (omega)      11     223   18   -1.841    5.855   15.171   16.384    0.780
   24 (pi0)        11     111   18   -0.620    2.385    6.680    7.121    0.135
   25 (omega)      11     223   18   -0.451    2.071    5.282    5.747    0.798
   26 pi+           1     211   18   -1.043    5.191   12.714   13.773    0.140
   27 (eta')       11     331   18   -0.375    0.623    6.439    6.551    0.959
   28 (omega)      11     223   18   -0.382    0.457    3.567    3.701    0.785
   29 pi-           1    -211   18   -0.440    0.422    2.813    2.882    0.140
   30 pi+           1     211   18   -1.995    0.828   13.378   13.552    0.140
   31 pi-           1    -211   18   -1.026    1.144    5.930    6.128    0.140
   32 (rho+)       11     213   18    0.346    1.089   15.472   15.528    0.649
   33 (eta')       11     331   18   -0.448    1.047    8.871    8.995    0.958
   34 (rho-)       11    -213   18   -1.734    0.741   27.994   28.071    0.865
   35 (pi0)        11     111   18   -0.059    0.529    4.109    4.146    0.135
   36 (eta)        11     221   18   -0.605   -0.063   16.832   16.852    0.547
   37 (omega)      11     223   18    0.447    0.209   48.769   48.778    0.784
   38 (K*+)        11     323   18   -0.572   -0.309   83.095   83.102    0.901
   39 (Lambda0)    11    3122   18    0.033   -0.125  247.834  247.837    1.116
   40 pi+           1     211   19   -0.799    1.832    4.610    5.026    0.140
   41 (pi0)        11     111   19   -3.083   10.716   27.388   29.571    0.135
   42 pi+           1     211   23   -0.880    2.581    6.171    6.749    0.140
   43 pi-           1    -211   23   -0.449    1.843    4.545    4.927    0.140
   44 (pi0)        11     111   23   -0.512    1.431    4.455    4.709    0.135
   45 gamma         1      22   24   -0.522    1.922    5.251    5.616    0.000
   46 gamma         1      22   24   -0.099    0.463    1.429    1.505    0.000
   47 pi+           1     211   25   -0.116    0.862    2.638    2.781    0.140
   48 pi-           1    -211   25    0.021    0.661    1.280    1.447    0.140
   49 (pi0)        11     111   25   -0.355    0.547    1.365    1.519    0.135
   50 pi+           1     211   27    0.082    0.118    1.435    1.448    0.140
   51 pi-           1    -211   27   -0.108    0.041    1.296    1.309    0.140
   52 (eta)        11     221   27   -0.349    0.464    3.708    3.793    0.547
   53 pi+           1     211   28   -0.225    0.210    1.787    1.819    0.140
   54 pi-           1    -211   28   -0.192   -0.040    1.162    1.187    0.140
   55 (pi0)        11     111   28    0.035    0.286    0.617    0.695    0.135
   56 pi+           1     211   32   -0.110    0.078    2.647    2.654    0.140
   57 (pi0)        11     111   32    0.456    1.011   12.826   12.874    0.135
   58 (pi0)        11     111   33   -0.212    0.226    2.427    2.451    0.135
   59 (pi0)        11     111   33    0.022    0.308    2.393    2.417    0.135
   60 (eta)        11     221   33   -0.258    0.513    4.050    4.127    0.547
   61 pi-           1    -211   34   -0.968    0.807   15.093   15.147    0.140
   62 (pi0)        11     111   34   -0.766   -0.066   12.901   12.925    0.135
   63 gamma         1      22   35    0.022    0.371    2.813    2.838    0.000
   64 gamma         1      22   35   -0.081    0.158    1.296    1.308    0.000
   65 gamma         1      22   36   -0.409    0.160   13.358   13.365    0.000
   66 gamma         1      22   36   -0.196   -0.223    3.474    3.487    0.000
   67 pi-           1    -211   37    0.301   -0.043   12.330   12.335    0.140
   68 pi+           1     211   37    0.152    0.336   24.133   24.136    0.140
   69 (pi0)        11     111   37   -0.006   -0.085   12.306   12.307    0.135
   70 (K0)         11     311   38   -0.292   -0.477   51.922   51.927    0.498
   71 pi+           1     211   38   -0.280    0.168   31.173   31.175    0.140
   72 p+            1    2212   39    0.013   -0.149  230.338  230.340    0.938
   73 pi-           1    -211   39    0.021    0.024   17.496   17.496    0.140
   74 gamma         1      22   41   -1.501    5.428   13.745   14.854    0.000
   75 gamma         1      22   41   -1.583    5.287   13.642   14.716    0.000
   76 gamma         1      22   44   -0.306    0.884    2.538    2.705    0.000
   77 gamma         1      22   44   -0.205    0.547    1.917    2.004    0.000
   78 gamma         1      22   49   -0.197    0.354    0.976    1.057    0.000
   79 gamma         1      22   49   -0.158    0.193    0.390    0.463    0.000
   80 gamma         1      22   52   -0.471    0.212    2.531    2.583    0.000
   81 gamma         1      22   52    0.121    0.252    1.177    1.210    0.000
   82 gamma         1      22   55    0.070    0.264    0.564    0.627    0.000
   83 gamma         1      22   55   -0.036    0.023    0.053    0.068    0.000
   84 gamma         1      22   57    0.296    0.761    9.852    9.885    0.000
   85 gamma         1      22   57    0.161    0.251    2.974    2.989    0.000
   86 gamma         1      22   58   -0.066    0.023    0.269    0.278    0.000
   87 gamma         1      22   58   -0.146    0.203    2.158    2.172    0.000
   88 gamma         1      22   59    0.040    0.087    1.149    1.153    0.000
   89 gamma         1      22   59   -0.019    0.221    1.244    1.264    0.000
   90 (pi0)        11     111   60   -0.096    0.291    1.461    1.499    0.135
   91 (pi0)        11     111   60   -0.022    0.034    1.476    1.482    0.135
   92 (pi0)        11     111   60   -0.140    0.187    1.114    1.146    0.135
   93 gamma         1      22   62   -0.565   -0.055   10.420   10.436    0.000
   94 gamma         1      22   62   -0.201   -0.011    2.480    2.489    0.000
   95 gamma         1      22   69   -0.065   -0.072    6.440    6.441    0.000
   96 gamma         1      22   69    0.059   -0.013    5.866    5.866    0.000
   97 (K_S0)       11     310   70   -0.292   -0.477   51.922   51.927    0.498
   98 gamma         1      22   90   -0.109    0.231    1.326    1.351    0.000
   99 gamma         1      22   90    0.014    0.060    0.135    0.148    0.000
  100 gamma         1      22   91   -0.050    0.054    1.357    1.359    0.000
  101 gamma         1      22   91    0.028   -0.020    0.119    0.124    0.000
  102 gamma         1      22   92   -0.022    0.028    0.496    0.497    0.000
  103 gamma         1      22   92   -0.118    0.159    0.618    0.649    0.000
  104 pi+           1     211   97   -0.216   -0.468   29.505   29.510    0.140
  105 pi-           1    -211   97   -0.076   -0.009   22.416   22.417    0.140
 ==============================================================================
                   sum:  2.00         0.000    0.000  792.500  847.501  300.335
>>>>>>      100 events succesfully generated    <<<<<<
>>>>>>      200 events succesfully generated    <<<<<<
>>>>>>      300 events succesfully generated    <<<<<<
>>>>>>      400 events succesfully generated    <<<<<<
>>>>>>      500 events succesfully generated    <<<<<<
>>>>>>      600 events succesfully generated    <<<<<<
>>>>>>      700 events succesfully generated    <<<<<<
>>>>>>      800 events succesfully generated    <<<<<<
>>>>>>      900 events succesfully generated    <<<<<<
>>>>>>     1000 events succesfully generated    <<<<<<
 
1********* PYSTAT:  Statistics on Number of Events and Cross-sections *********

 ==============================================================================
 I                                  I                            I            I
 I            Subprocess            I      Number of points      I    Sigma   I
 I                                  I                            I            I
 I----------------------------------I----------------------------I    (mb)    I
 I                                  I                            I            I
 I N:o Type                         I    Generated         Tried I            I
 I                                  I                            I            I
 ==============================================================================
 I                                  I                            I            I
 I   0 All included subprocesses    I         1000        360857 I  5.360D-08 I
 I 401 e+ qi -> S_1/2L  -> mu+ qj   I         1000        360857 I  5.360D-08 I
 I                                  I                            I            I
 ==============================================================================

 ********* Fraction of events that fail fragmentation cuts =  0.00000 *********

 
 >>>>>>>>>>>  LQGENEP FINAL STATISTICS  <<<<<<<<<<<
 
   Number of generated events.............    1000
   Number of s-channel generated events...    1000
   Number of u-channel generated events...       0
 
 
             Details of the generation             
            ---------------------------            
 
 ==================================================
 I                                       I        I
 I                process                I events I
 I                                       I        I
 ==================================================
 I                                       I        I
 I s-channel:                            I        I
 I e+    u    -> S_1/2L  -> mu+   u      I   1000 I
 I        -----------------------        I        I
 I u-channel:                            I        I
 I e+    ubar -> S_1/2L  -> mu+   ubar   I      0 I
 I                                       I        I
 ==================================================
 
            ---------------------------            
 
 
 >>>>>>>>>>>>>>>>>>>>>>>>> <<<<<<<<<<<<<<<<<<<<<<<<
